0 info it worked if it ends with ok
1 verbose cli [ 'C:\\Program Files\\nodejs\\node.exe',
1 verbose cli   'C:\\Program Files\\nodejs\\node_modules\\npm\\bin\\npm-cli.js',
1 verbose cli   'install',
1 verbose cli   'reinstall',
1 verbose cli   '-g' ]
2 info using npm@2.9.1
3 info using node@v0.12.3
4 verbose install initial load of C:\Users\Sub.Session\AppData\Roaming\npm\package.json
5 verbose readDependencies loading dependencies from C:\Users\Sub.Session\AppData\Roaming\npm\package.json
6 silly cache add args [ 'reinstall', null ]
7 verbose cache add spec reinstall
8 silly cache add parsed spec { raw: 'reinstall',
8 silly cache add   scope: null,
8 silly cache add   name: 'reinstall',
8 silly cache add   rawSpec: '',
8 silly cache add   spec: '*',
8 silly cache add   type: 'range' }
9 silly addNamed reinstall@*
10 verbose addNamed "*" is a valid semver range for reinstall
11 silly addNameRange { name: 'reinstall', range: '*', hasData: false }
12 silly mapToRegistry name reinstall
13 silly mapToRegistry using default registry
14 silly mapToRegistry registry https://registry.npmjs.org/
15 silly mapToRegistry uri https://registry.npmjs.org/reinstall
16 verbose addNameRange registry:https://registry.npmjs.org/reinstall not in flight; fetching
17 verbose request uri https://registry.npmjs.org/reinstall
18 verbose request no auth needed
19 info attempt registry request try #1 at 12:22:16
20 verbose request id 261c6f91182b43bd
21 http request GET https://registry.npmjs.org/reinstall
22 http 200 https://registry.npmjs.org/reinstall
23 silly get cb [ 200,
23 silly get   { server: 'CouchDB/1.5.0 (Erlang OTP/R16B03)',
23 silly get     etag: '"4P9GP43K27CSYHPWDUGP6DM75"',
23 silly get     'content-type': 'application/json',
23 silly get     'content-encoding': 'gzip',
23 silly get     'cache-control': 'max-age=300',
23 silly get     'content-length': '1093',
23 silly get     'accept-ranges': 'bytes',
23 silly get     date: 'Sun, 31 Jul 2016 10:22:16 GMT',
23 silly get     via: '1.1 varnish',
23 silly get     age: '0',
23 silly get     connection: 'keep-alive',
23 silly get     'x-served-by': 'cache-lhr6330-LHR',
23 silly get     'x-cache': 'MISS',
23 silly get     'x-cache-hits': '0',
23 silly get     'x-timer': 'S1469960536.468328,VS0,VE350',
23 silly get     vary: 'Accept-Encoding' } ]
24 verbose get saving reinstall to C:\Users\Sub.Session\AppData\Roaming\npm-cache\registry.npmjs.org\reinstall\.cache.json
25 silly addNameRange number 2 { name: 'reinstall', range: '*', hasData: true }
26 silly addNameRange versions [ 'reinstall', [ '1.0.0', '1.0.1', '1.1.0' ] ]
27 silly addNamed reinstall@1.1.0
28 verbose addNamed "1.1.0" is a plain semver version for reinstall
29 silly mapToRegistry name reinstall
30 silly mapToRegistry using default registry
31 silly mapToRegistry registry https://registry.npmjs.org/
32 silly mapToRegistry uri https://registry.npmjs.org/reinstall
33 verbose addRemoteTarball https://registry.npmjs.org/reinstall/-/reinstall-1.1.0.tgz not in flight; adding
34 verbose addRemoteTarball [ 'https://registry.npmjs.org/reinstall/-/reinstall-1.1.0.tgz',
34 verbose addRemoteTarball   '8bd18dff46e838e61400b881dce7362a319f7ef2' ]
35 info retry fetch attempt 1 at 12:22:16
36 info attempt registry request try #1 at 12:22:16
37 http fetch GET https://registry.npmjs.org/reinstall/-/reinstall-1.1.0.tgz
38 http fetch 200 https://registry.npmjs.org/reinstall/-/reinstall-1.1.0.tgz
39 silly fetchAndShaCheck shasum 8bd18dff46e838e61400b881dce7362a319f7ef2
40 verbose addTmpTarball C:\Users\SUB~1.SES\AppData\Local\Temp\npm-6656-119c75fa\registry.npmjs.org\reinstall\-\reinstall-1.1.0.tgz not in flight; adding
41 verbose addTmpTarball already have metadata; skipping unpack for reinstall@1.1.0
42 silly cache afterAdd reinstall@1.1.0
43 verbose afterAdd C:\Users\Sub.Session\AppData\Roaming\npm-cache\reinstall\1.1.0\package\package.json not in flight; writing
44 verbose afterAdd C:\Users\Sub.Session\AppData\Roaming\npm-cache\reinstall\1.1.0\package\package.json written
45 silly install resolved [ { name: 'reinstall',
45 silly install resolved     version: '1.1.0',
45 silly install resolved     description: 'Reinstall package\'s node modules without cache',
45 silly install resolved     main: 'index.js',
45 silly install resolved     bin: { reinstall: 'bin/cmd.js' },
45 silly install resolved     scripts: { test: 'echo "Error: no test specified" && exit 1' },
45 silly install resolved     repository: { type: 'git', url: 'https://github.com/scottcorgan/reinstall' },
45 silly install resolved     keywords: [ 'install', 'node_modules', 'cache', 'clean', 'remove' ],
45 silly install resolved     author: { name: 'Scott Corgan' },
45 silly install resolved     license: 'MIT',
45 silly install resolved     bugs: { url: 'https://github.com/scottcorgan/reinstall/issues' },
45 silly install resolved     homepage: 'https://github.com/scottcorgan/reinstall',
45 silly install resolved     dependencies: { 'cross-spawn': '^0.2.3' },
45 silly install resolved     gitHead: '6dbafdb8ade1d50bc1ff909e0972a61430caa88c',
45 silly install resolved     _id: 'reinstall@1.1.0',
45 silly install resolved     _shasum: '8bd18dff46e838e61400b881dce7362a319f7ef2',
45 silly install resolved     _from: 'reinstall@*',
45 silly install resolved     _npmVersion: '2.1.17',
45 silly install resolved     _nodeVersion: '0.10.35',
45 silly install resolved     _npmUser: { name: 'scottcorgan', email: 'scottcorgan@gmail.com' },
45 silly install resolved     maintainers: [ [Object] ],
45 silly install resolved     dist:
45 silly install resolved      { shasum: '8bd18dff46e838e61400b881dce7362a319f7ef2',
45 silly install resolved        tarball: 'https://registry.npmjs.org/reinstall/-/reinstall-1.1.0.tgz' },
45 silly install resolved     directories: {},
45 silly install resolved     _resolved: 'https://registry.npmjs.org/reinstall/-/reinstall-1.1.0.tgz' } ]
46 info install reinstall@1.1.0 into C:\Users\Sub.Session\AppData\Roaming\npm
47 info installOne reinstall@1.1.0
48 verbose installOne of reinstall to C:\Users\Sub.Session\AppData\Roaming\npm not in flight; installing
49 verbose lock using C:\Users\Sub.Session\AppData\Roaming\npm-cache\_locks\reinstall-8b20043282e60298.lock for C:\Users\Sub.Session\AppData\Roaming\npm\node_modules\reinstall
50 silly install write writing reinstall 1.1.0 to C:\Users\Sub.Session\AppData\Roaming\npm\node_modules\reinstall
51 verbose unbuild node_modules\reinstall
52 silly gentlyRm C:\Users\Sub.Session\AppData\Roaming\npm\node_modules\reinstall is being purged from base C:\Users\Sub.Session\AppData\Roaming\npm
53 verbose gentlyRm don't care about contents; nuking C:\Users\Sub.Session\AppData\Roaming\npm\node_modules\reinstall
54 verbose tar unpack C:\Users\Sub.Session\AppData\Roaming\npm-cache\reinstall\1.1.0\package.tgz
55 verbose tar unpacking to C:\Users\Sub.Session\AppData\Roaming\npm\node_modules\reinstall
56 silly gentlyRm C:\Users\Sub.Session\AppData\Roaming\npm\node_modules\reinstall is being purged
57 verbose gentlyRm don't care about contents; nuking C:\Users\Sub.Session\AppData\Roaming\npm\node_modules\reinstall
58 silly gunzTarPerm modes [ '777', '666' ]
59 silly gunzTarPerm extractEntry package.json
60 silly gunzTarPerm modified mode [ 'package.json', 420, 438 ]
61 silly gunzTarPerm extractEntry .npmignore
62 silly gunzTarPerm modified mode [ '.npmignore', 420, 438 ]
63 silly gunzTarPerm extractEntry README.md
64 silly gunzTarPerm modified mode [ 'README.md', 420, 438 ]
65 silly gunzTarPerm extractEntry LICENSE
66 silly gunzTarPerm modified mode [ 'LICENSE', 420, 438 ]
67 silly gunzTarPerm extractEntry bin/cmd.js
68 silly gunzTarPerm modified mode [ 'bin/cmd.js', 493, 511 ]
69 verbose write writing to C:\Users\Sub.Session\AppData\Roaming\npm\node_modules\reinstall\package.json
70 info preinstall reinstall@1.1.0
71 verbose readDependencies loading dependencies from C:\Users\Sub.Session\AppData\Roaming\npm\node_modules\reinstall\package.json
72 silly prepareForInstallMany adding cross-spawn@^0.2.3 from reinstall dependencies
73 verbose readDependencies loading dependencies from C:\Users\Sub.Session\AppData\Roaming\npm\node_modules\reinstall\package.json
74 silly cache add args [ 'cross-spawn@^0.2.3', null ]
75 verbose cache add spec cross-spawn@^0.2.3
76 silly cache add parsed spec { raw: 'cross-spawn@^0.2.3',
76 silly cache add   scope: null,
76 silly cache add   name: 'cross-spawn',
76 silly cache add   rawSpec: '^0.2.3',
76 silly cache add   spec: '>=0.2.3 <0.3.0',
76 silly cache add   type: 'range' }
77 silly addNamed cross-spawn@>=0.2.3 <0.3.0
78 verbose addNamed ">=0.2.3 <0.3.0" is a valid semver range for cross-spawn
79 silly addNameRange { name: 'cross-spawn', range: '>=0.2.3 <0.3.0', hasData: false }
80 silly mapToRegistry name cross-spawn
81 silly mapToRegistry using default registry
82 silly mapToRegistry registry https://registry.npmjs.org/
83 silly mapToRegistry uri https://registry.npmjs.org/cross-spawn
84 verbose addNameRange registry:https://registry.npmjs.org/cross-spawn not in flight; fetching
85 verbose request uri https://registry.npmjs.org/cross-spawn
86 verbose request no auth needed
87 info attempt registry request try #1 at 12:22:17
88 verbose etag "30EWFKML5KFNX5AS9FN0AIU01"
89 http request GET https://registry.npmjs.org/cross-spawn
90 http 304 https://registry.npmjs.org/cross-spawn
91 silly get cb [ 304,
91 silly get   { date: 'Sun, 31 Jul 2016 10:22:17 GMT',
91 silly get     via: '1.1 varnish',
91 silly get     'cache-control': 'max-age=300',
91 silly get     etag: '"30EWFKML5KFNX5AS9FN0AIU01"',
91 silly get     age: '142',
91 silly get     connection: 'keep-alive',
91 silly get     'x-served-by': 'cache-lhr6324-LHR',
91 silly get     'x-cache': 'HIT',
91 silly get     'x-cache-hits': '1',
91 silly get     'x-timer': 'S1469960537.822489,VS0,VE0',
91 silly get     vary: 'Accept-Encoding' } ]
92 verbose etag https://registry.npmjs.org/cross-spawn from cache
93 verbose get saving cross-spawn to C:\Users\Sub.Session\AppData\Roaming\npm-cache\registry.npmjs.org\cross-spawn\.cache.json
94 silly addNameRange number 2 { name: 'cross-spawn', range: '>=0.2.3 <0.3.0', hasData: true }
95 silly addNameRange versions [ 'cross-spawn',
95 silly addNameRange   [ '0.1.0',
95 silly addNameRange     '0.1.1',
95 silly addNameRange     '0.1.2',
95 silly addNameRange     '0.1.3',
95 silly addNameRange     '0.1.4',
95 silly addNameRange     '0.1.5',
95 silly addNameRange     '0.1.6',
95 silly addNameRange     '0.1.7',
95 silly addNameRange     '0.2.0',
95 silly addNameRange     '0.2.1',
95 silly addNameRange     '0.2.2',
95 silly addNameRange     '0.2.3',
95 silly addNameRange     '0.2.4',
95 silly addNameRange     '0.2.5',
95 silly addNameRange     '0.2.6',
95 silly addNameRange     '0.2.7',
95 silly addNameRange     '0.2.8',
95 silly addNameRange     '0.2.9',
95 silly addNameRange     '0.3.0',
95 silly addNameRange     '0.4.0',
95 silly addNameRange     '0.4.1',
95 silly addNameRange     '1.0.0',
95 silly addNameRange     '1.0.1',
95 silly addNameRange     '1.0.2',
95 silly addNameRange     '1.0.3',
95 silly addNameRange     '1.0.4',
95 silly addNameRange     '2.0.0',
95 silly addNameRange     '2.0.1',
95 silly addNameRange     '2.1.0',
95 silly addNameRange     '2.1.1',
95 silly addNameRange     '2.1.2',
95 silly addNameRange     '2.1.3',
95 silly addNameRange     '2.1.4',
95 silly addNameRange     '2.1.5',
95 silly addNameRange     '2.2.0',
95 silly addNameRange     '2.2.2',
95 silly addNameRange     '2.2.3',
95 silly addNameRange     '3.0.0',
95 silly addNameRange     '3.0.1',
95 silly addNameRange     '4.0.0' ] ]
96 silly addNamed cross-spawn@0.2.9
97 verbose addNamed "0.2.9" is a plain semver version for cross-spawn
98 silly mapToRegistry name cross-spawn
99 silly mapToRegistry using default registry
100 silly mapToRegistry registry https://registry.npmjs.org/
101 silly mapToRegistry uri https://registry.npmjs.org/cross-spawn
102 verbose addRemoteTarball https://registry.npmjs.org/cross-spawn/-/cross-spawn-0.2.9.tgz not in flight; adding
103 verbose addRemoteTarball [ 'https://registry.npmjs.org/cross-spawn/-/cross-spawn-0.2.9.tgz',
103 verbose addRemoteTarball   'bd67f96c07efb6303b7fe94c1e979f88478e0a39' ]
104 info retry fetch attempt 1 at 12:22:17
105 info attempt registry request try #1 at 12:22:17
106 http fetch GET https://registry.npmjs.org/cross-spawn/-/cross-spawn-0.2.9.tgz
107 http fetch 200 https://registry.npmjs.org/cross-spawn/-/cross-spawn-0.2.9.tgz
108 silly fetchAndShaCheck shasum bd67f96c07efb6303b7fe94c1e979f88478e0a39
109 verbose addTmpTarball C:\Users\SUB~1.SES\AppData\Local\Temp\npm-6656-119c75fa\registry.npmjs.org\cross-spawn\-\cross-spawn-0.2.9.tgz not in flight; adding
110 verbose addTmpTarball already have metadata; skipping unpack for cross-spawn@0.2.9
111 silly cache afterAdd cross-spawn@0.2.9
112 verbose afterAdd C:\Users\Sub.Session\AppData\Roaming\npm-cache\cross-spawn\0.2.9\package\package.json not in flight; writing
113 verbose afterAdd C:\Users\Sub.Session\AppData\Roaming\npm-cache\cross-spawn\0.2.9\package\package.json written
114 silly install resolved [ { name: 'cross-spawn',
114 silly install resolved     version: '0.2.9',
114 silly install resolved     description: 'Cross platform child_process#spawn',
114 silly install resolved     main: 'index.js',
114 silly install resolved     scripts: { test: 'mocha --bail -R spec' },
114 silly install resolved     bugs: { url: 'https://github.com/IndigoUnited/node-cross-spawn/issues/' },
114 silly install resolved     repository:
114 silly install resolved      { type: 'git',
114 silly install resolved        url: 'git://github.com/IndigoUnited/node-cross-spawn.git' },
114 silly install resolved     keywords:
114 silly install resolved      [ 'spawn',
114 silly install resolved        'windows',
114 silly install resolved        'cross',
114 silly install resolved        'platform',
114 silly install resolved        'path',
114 silly install resolved        'ext',
114 silly install resolved        'path-ext',
114 silly install resolved        'path_ext',
114 silly install resolved        'shebang',
114 silly install resolved        'hashbang',
114 silly install resolved        'cmd',
114 silly install resolved        'execute' ],
114 silly install resolved     author:
114 silly install resolved      { name: 'IndigoUnited',
114 silly install resolved        email: 'hello@indigounited.com',
114 silly install resolved        url: 'http://indigounited.com' },
114 silly install resolved     license: 'MIT',
114 silly install resolved     dependencies: { 'lru-cache': '^2.5.0' },
114 silly install resolved     devDependencies: { 'expect.js': '^0.3.0', mocha: '^1.20.1' },
114 silly install resolved     gitHead: '6fececcbd8331f98b4cfd6560b925bc4d8e77f47',
114 silly install resolved     homepage: 'https://github.com/IndigoUnited/node-cross-spawn',
114 silly install resolved     _id: 'cross-spawn@0.2.9',
114 silly install resolved     _shasum: 'bd67f96c07efb6303b7fe94c1e979f88478e0a39',
114 silly install resolved     _from: 'cross-spawn@>=0.2.3 <0.3.0',
114 silly install resolved     _npmVersion: '2.6.1',
114 silly install resolved     _nodeVersion: '0.10.36',
114 silly install resolved     _npmUser: { name: 'satazor', email: 'andremiguelcruz@msn.com' },
114 silly install resolved     maintainers: [ [Object] ],
114 silly install resolved     dist:
114 silly install resolved      { shasum: 'bd67f96c07efb6303b7fe94c1e979f88478e0a39',
114 silly install resolved        tarball: 'https://registry.npmjs.org/cross-spawn/-/cross-spawn-0.2.9.tgz' },
114 silly install resolved     directories: {},
114 silly install resolved     _resolved: 'https://registry.npmjs.org/cross-spawn/-/cross-spawn-0.2.9.tgz' } ]
115 info install cross-spawn@0.2.9 into C:\Users\Sub.Session\AppData\Roaming\npm\node_modules\reinstall
116 info installOne cross-spawn@0.2.9
117 verbose installOne of cross-spawn to C:\Users\Sub.Session\AppData\Roaming\npm\node_modules\reinstall not in flight; installing
118 verbose lock using C:\Users\Sub.Session\AppData\Roaming\npm-cache\_locks\cross-spawn-4ea12e0f39af0618.lock for C:\Users\Sub.Session\AppData\Roaming\npm\node_modules\reinstall\node_modules\cross-spawn
119 silly install write writing cross-spawn 0.2.9 to C:\Users\Sub.Session\AppData\Roaming\npm\node_modules\reinstall\node_modules\cross-spawn
120 verbose unbuild node_modules\reinstall\node_modules\cross-spawn
121 silly gentlyRm C:\Users\Sub.Session\AppData\Roaming\npm\node_modules\reinstall\node_modules\cross-spawn is being purged from base C:\Users\Sub.Session\AppData\Roaming\npm
122 verbose gentlyRm don't care about contents; nuking C:\Users\Sub.Session\AppData\Roaming\npm\node_modules\reinstall\node_modules\cross-spawn
123 verbose tar unpack C:\Users\Sub.Session\AppData\Roaming\npm-cache\cross-spawn\0.2.9\package.tgz
124 verbose tar unpacking to C:\Users\Sub.Session\AppData\Roaming\npm\node_modules\reinstall\node_modules\cross-spawn
125 silly gentlyRm C:\Users\Sub.Session\AppData\Roaming\npm\node_modules\reinstall\node_modules\cross-spawn is being purged
126 verbose gentlyRm don't care about contents; nuking C:\Users\Sub.Session\AppData\Roaming\npm\node_modules\reinstall\node_modules\cross-spawn
127 silly gunzTarPerm modes [ '777', '666' ]
128 silly gunzTarPerm extractEntry package.json
129 silly gunzTarPerm modified mode [ 'package.json', 420, 438 ]
130 silly gunzTarPerm extractEntry .npmignore
131 silly gunzTarPerm modified mode [ '.npmignore', 420, 438 ]
132 silly gunzTarPerm extractEntry README.md
133 silly gunzTarPerm modified mode [ 'README.md', 420, 438 ]
134 silly gunzTarPerm extractEntry LICENSE
135 silly gunzTarPerm modified mode [ 'LICENSE', 420, 438 ]
136 silly gunzTarPerm extractEntry index.js
137 silly gunzTarPerm modified mode [ 'index.js', 420, 438 ]
138 silly gunzTarPerm extractEntry .jshintrc
139 silly gunzTarPerm modified mode [ '.jshintrc', 420, 438 ]
140 silly gunzTarPerm extractEntry .editorconfig
141 silly gunzTarPerm modified mode [ '.editorconfig', 420, 438 ]
142 silly gunzTarPerm extractEntry .travis.yml
143 silly gunzTarPerm modified mode [ '.travis.yml', 420, 438 ]
144 verbose write writing to C:\Users\Sub.Session\AppData\Roaming\npm\node_modules\reinstall\node_modules\cross-spawn\package.json
145 info preinstall cross-spawn@0.2.9
146 verbose readDependencies loading dependencies from C:\Users\Sub.Session\AppData\Roaming\npm\node_modules\reinstall\node_modules\cross-spawn\package.json
147 silly prepareForInstallMany adding lru-cache@^2.5.0 from cross-spawn dependencies
148 verbose readDependencies loading dependencies from C:\Users\Sub.Session\AppData\Roaming\npm\node_modules\reinstall\node_modules\cross-spawn\package.json
149 silly cache add args [ 'lru-cache@^2.5.0', null ]
150 verbose cache add spec lru-cache@^2.5.0
151 silly cache add parsed spec { raw: 'lru-cache@^2.5.0',
151 silly cache add   scope: null,
151 silly cache add   name: 'lru-cache',
151 silly cache add   rawSpec: '^2.5.0',
151 silly cache add   spec: '>=2.5.0 <3.0.0',
151 silly cache add   type: 'range' }
152 silly addNamed lru-cache@>=2.5.0 <3.0.0
153 verbose addNamed ">=2.5.0 <3.0.0" is a valid semver range for lru-cache
154 silly addNameRange { name: 'lru-cache', range: '>=2.5.0 <3.0.0', hasData: false }
155 silly mapToRegistry name lru-cache
156 silly mapToRegistry using default registry
157 silly mapToRegistry registry https://registry.npmjs.org/
158 silly mapToRegistry uri https://registry.npmjs.org/lru-cache
159 verbose addNameRange registry:https://registry.npmjs.org/lru-cache not in flight; fetching
160 verbose request uri https://registry.npmjs.org/lru-cache
161 verbose request no auth needed
162 info attempt registry request try #1 at 12:22:18
163 verbose etag "3JT1T1EA8CJ7YVZ1MTK7QZM0Y"
164 http request GET https://registry.npmjs.org/lru-cache
165 http 304 https://registry.npmjs.org/lru-cache
166 silly get cb [ 304,
166 silly get   { date: 'Sun, 31 Jul 2016 10:22:18 GMT',
166 silly get     via: '1.1 varnish',
166 silly get     'cache-control': 'max-age=300',
166 silly get     etag: '"3JT1T1EA8CJ7YVZ1MTK7QZM0Y"',
166 silly get     age: '122',
166 silly get     connection: 'keep-alive',
166 silly get     'x-served-by': 'cache-lhr6335-LHR',
166 silly get     'x-cache': 'HIT',
166 silly get     'x-cache-hits': '1',
166 silly get     'x-timer': 'S1469960538.665554,VS0,VE0',
166 silly get     vary: 'Accept-Encoding' } ]
167 verbose etag https://registry.npmjs.org/lru-cache from cache
168 verbose get saving lru-cache to C:\Users\Sub.Session\AppData\Roaming\npm-cache\registry.npmjs.org\lru-cache\.cache.json
169 silly addNameRange number 2 { name: 'lru-cache', range: '>=2.5.0 <3.0.0', hasData: true }
170 silly addNameRange versions [ 'lru-cache',
170 silly addNameRange   [ '1.0.1',
170 silly addNameRange     '1.0.2',
170 silly addNameRange     '1.0.3',
170 silly addNameRange     '1.0.4',
170 silly addNameRange     '1.0.5',
170 silly addNameRange     '1.0.6',
170 silly addNameRange     '1.1.0',
170 silly addNameRange     '1.1.1',
170 silly addNameRange     '2.0.0',
170 silly addNameRange     '2.0.1',
170 silly addNameRange     '2.0.2',
170 silly addNameRange     '2.0.3',
170 silly addNameRange     '2.0.4',
170 silly addNameRange     '2.1.0',
170 silly addNameRange     '2.2.0',
170 silly addNameRange     '2.2.1',
170 silly addNameRange     '2.2.2',
170 silly addNameRange     '2.2.4',
170 silly addNameRange     '2.3.0',
170 silly addNameRange     '2.3.1',
170 silly addNameRange     '2.5.0',
170 silly addNameRange     '2.5.1',
170 silly addNameRange     '2.5.2',
170 silly addNameRange     '2.6.0',
170 silly addNameRange     '2.6.1',
170 silly addNameRange     '2.6.2',
170 silly addNameRange     '2.6.3',
170 silly addNameRange     '2.6.4',
170 silly addNameRange     '2.6.5',
170 silly addNameRange     '2.7.0',
170 silly addNameRange     '2.7.1',
170 silly addNameRange     '2.7.2',
170 silly addNameRange     '2.7.3',
170 silly addNameRange     '3.0.0',
170 silly addNameRange     '3.1.0',
170 silly addNameRange     '3.1.1',
170 silly addNameRange     '3.1.2',
170 silly addNameRange     '3.2.0',
170 silly addNameRange     '4.0.0',
170 silly addNameRange     '4.0.1' ] ]
171 silly addNamed lru-cache@2.7.3
172 verbose addNamed "2.7.3" is a plain semver version for lru-cache
173 silly cache afterAdd lru-cache@2.7.3
174 verbose afterAdd C:\Users\Sub.Session\AppData\Roaming\npm-cache\lru-cache\2.7.3\package\package.json not in flight; writing
175 verbose afterAdd C:\Users\Sub.Session\AppData\Roaming\npm-cache\lru-cache\2.7.3\package\package.json written
176 silly install resolved [ { name: 'lru-cache',
176 silly install resolved     description: 'A cache object that deletes the least-recently-used items.',
176 silly install resolved     version: '2.7.3',
176 silly install resolved     author: { name: 'Isaac Z. Schlueter', email: 'i@izs.me' },
176 silly install resolved     keywords: [ 'mru', 'lru', 'cache' ],
176 silly install resolved     scripts: { test: 'tap test --gc' },
176 silly install resolved     main: 'lib/lru-cache.js',
176 silly install resolved     repository:
176 silly install resolved      { type: 'git',
176 silly install resolved        url: 'git://github.com/isaacs/node-lru-cache.git' },
176 silly install resolved     devDependencies: { tap: '^1.2.0', weak: '' },
176 silly install resolved     license: 'ISC',
176 silly install resolved     gitHead: '292048199f6d28b77fbe584279a1898e25e4c714',
176 silly install resolved     bugs: { url: 'https://github.com/isaacs/node-lru-cache/issues' },
176 silly install resolved     homepage: 'https://github.com/isaacs/node-lru-cache#readme',
176 silly install resolved     _id: 'lru-cache@2.7.3',
176 silly install resolved     _shasum: '6d4524e8b955f95d4f5b58851ce21dd72fb4e952',
176 silly install resolved     _from: 'lru-cache@>=2.5.0 <3.0.0',
176 silly install resolved     _npmVersion: '3.3.2',
176 silly install resolved     _nodeVersion: '4.0.0',
176 silly install resolved     _npmUser: { name: 'isaacs', email: 'i@izs.me' },
176 silly install resolved     dist:
176 silly install resolved      { shasum: '6d4524e8b955f95d4f5b58851ce21dd72fb4e952',
176 silly install resolved        tarball: 'http://registry.npmjs.org/lru-cache/-/lru-cache-2.7.3.tgz' },
176 silly install resolved     maintainers: [ [Object], [Object] ],
176 silly install resolved     directories: {},
176 silly install resolved     _resolved: 'https://registry.npmjs.org/lru-cache/-/lru-cache-2.7.3.tgz',
176 silly install resolved     readme: 'ERROR: No README data found!' } ]
177 info install lru-cache@2.7.3 into C:\Users\Sub.Session\AppData\Roaming\npm\node_modules\reinstall\node_modules\cross-spawn
178 info installOne lru-cache@2.7.3
179 verbose installOne of lru-cache to C:\Users\Sub.Session\AppData\Roaming\npm\node_modules\reinstall\node_modules\cross-spawn not in flight; installing
180 verbose lock using C:\Users\Sub.Session\AppData\Roaming\npm-cache\_locks\lru-cache-16497d8202554929.lock for C:\Users\Sub.Session\AppData\Roaming\npm\node_modules\reinstall\node_modules\cross-spawn\node_modules\lru-cache
181 silly install write writing lru-cache 2.7.3 to C:\Users\Sub.Session\AppData\Roaming\npm\node_modules\reinstall\node_modules\cross-spawn\node_modules\lru-cache
182 verbose unbuild node_modules\reinstall\node_modules\cross-spawn\node_modules\lru-cache
183 silly gentlyRm C:\Users\Sub.Session\AppData\Roaming\npm\node_modules\reinstall\node_modules\cross-spawn\node_modules\lru-cache is being purged from base C:\Users\Sub.Session\AppData\Roaming\npm
184 verbose gentlyRm don't care about contents; nuking C:\Users\Sub.Session\AppData\Roaming\npm\node_modules\reinstall\node_modules\cross-spawn\node_modules\lru-cache
185 verbose tar unpack C:\Users\Sub.Session\AppData\Roaming\npm-cache\lru-cache\2.7.3\package.tgz
186 verbose tar unpacking to C:\Users\Sub.Session\AppData\Roaming\npm\node_modules\reinstall\node_modules\cross-spawn\node_modules\lru-cache
187 silly gentlyRm C:\Users\Sub.Session\AppData\Roaming\npm\node_modules\reinstall\node_modules\cross-spawn\node_modules\lru-cache is being purged
188 verbose gentlyRm don't care about contents; nuking C:\Users\Sub.Session\AppData\Roaming\npm\node_modules\reinstall\node_modules\cross-spawn\node_modules\lru-cache
189 silly gunzTarPerm modes [ '777', '666' ]
190 silly gunzTarPerm extractEntry package.json
191 silly gunzTarPerm modified mode [ 'package.json', 420, 438 ]
192 silly gunzTarPerm extractEntry .npmignore
193 silly gunzTarPerm modified mode [ '.npmignore', 420, 438 ]
194 silly gunzTarPerm extractEntry README.md
195 silly gunzTarPerm modified mode [ 'README.md', 420, 438 ]
196 silly gunzTarPerm extractEntry LICENSE
197 silly gunzTarPerm modified mode [ 'LICENSE', 420, 438 ]
198 silly gunzTarPerm extractEntry .travis.yml
199 silly gunzTarPerm modified mode [ '.travis.yml', 420, 438 ]
200 silly gunzTarPerm extractEntry CONTRIBUTORS
201 silly gunzTarPerm modified mode [ 'CONTRIBUTORS', 420, 438 ]
202 silly gunzTarPerm extractEntry lib/lru-cache.js
203 silly gunzTarPerm modified mode [ 'lib/lru-cache.js', 420, 438 ]
204 silly gunzTarPerm extractEntry test/basic.js
205 silly gunzTarPerm modified mode [ 'test/basic.js', 420, 438 ]
206 silly gunzTarPerm extractEntry test/foreach.js
207 silly gunzTarPerm modified mode [ 'test/foreach.js', 420, 438 ]
208 silly gunzTarPerm extractEntry test/memory-leak.js
209 silly gunzTarPerm modified mode [ 'test/memory-leak.js', 420, 438 ]
210 silly gunzTarPerm extractEntry test/serialize.js
211 silly gunzTarPerm modified mode [ 'test/serialize.js', 420, 438 ]
212 verbose write writing to C:\Users\Sub.Session\AppData\Roaming\npm\node_modules\reinstall\node_modules\cross-spawn\node_modules\lru-cache\package.json
213 info preinstall lru-cache@2.7.3
214 verbose readDependencies loading dependencies from C:\Users\Sub.Session\AppData\Roaming\npm\node_modules\reinstall\node_modules\cross-spawn\node_modules\lru-cache\package.json
215 verbose readDependencies loading dependencies from C:\Users\Sub.Session\AppData\Roaming\npm\node_modules\reinstall\node_modules\cross-spawn\node_modules\lru-cache\package.json
216 silly install resolved []
217 verbose about to build C:\Users\Sub.Session\AppData\Roaming\npm\node_modules\reinstall\node_modules\cross-spawn\node_modules\lru-cache
218 info build C:\Users\Sub.Session\AppData\Roaming\npm\node_modules\reinstall\node_modules\cross-spawn\node_modules\lru-cache
219 info linkStuff lru-cache@2.7.3
220 silly linkStuff lru-cache@2.7.3 has C:\Users\Sub.Session\AppData\Roaming\npm\node_modules\reinstall\node_modules\cross-spawn\node_modules as its parent node_modules
221 silly linkStuff lru-cache@2.7.3 is part of a global install
222 silly linkStuff lru-cache@2.7.3 is installed into a global node_modules
223 verbose linkBins lru-cache@2.7.3
224 verbose linkMans lru-cache@2.7.3
225 verbose rebuildBundles lru-cache@2.7.3
226 info install lru-cache@2.7.3
227 info postinstall lru-cache@2.7.3
228 verbose unlock done using C:\Users\Sub.Session\AppData\Roaming\npm-cache\_locks\lru-cache-16497d8202554929.lock for C:\Users\Sub.Session\AppData\Roaming\npm\node_modules\reinstall\node_modules\cross-spawn\node_modules\lru-cache
229 verbose about to build C:\Users\Sub.Session\AppData\Roaming\npm\node_modules\reinstall\node_modules\cross-spawn
230 info build C:\Users\Sub.Session\AppData\Roaming\npm\node_modules\reinstall\node_modules\cross-spawn
231 info linkStuff cross-spawn@0.2.9
232 silly linkStuff cross-spawn@0.2.9 has C:\Users\Sub.Session\AppData\Roaming\npm\node_modules\reinstall\node_modules as its parent node_modules
233 silly linkStuff cross-spawn@0.2.9 is part of a global install
234 silly linkStuff cross-spawn@0.2.9 is installed into a global node_modules
235 verbose linkBins cross-spawn@0.2.9
236 verbose linkMans cross-spawn@0.2.9
237 verbose rebuildBundles cross-spawn@0.2.9
238 verbose rebuildBundles [ 'lru-cache' ]
239 info install cross-spawn@0.2.9
240 info postinstall cross-spawn@0.2.9
241 verbose unlock done using C:\Users\Sub.Session\AppData\Roaming\npm-cache\_locks\cross-spawn-4ea12e0f39af0618.lock for C:\Users\Sub.Session\AppData\Roaming\npm\node_modules\reinstall\node_modules\cross-spawn
242 verbose about to build C:\Users\Sub.Session\AppData\Roaming\npm\node_modules\reinstall
243 info build C:\Users\Sub.Session\AppData\Roaming\npm\node_modules\reinstall
244 info linkStuff reinstall@1.1.0
245 silly linkStuff reinstall@1.1.0 has C:\Users\Sub.Session\AppData\Roaming\npm\node_modules as its parent node_modules
246 silly linkStuff reinstall@1.1.0 is part of a global install
247 silly linkStuff reinstall@1.1.0 is installed into a global node_modules
248 silly linkStuff reinstall@1.1.0 is installed into the top-level global node_modules
249 verbose linkBins reinstall@1.1.0
250 verbose link bins [ { reinstall: 'bin/cmd.js' },
250 verbose link bins   'C:\\Users\\Sub.Session\\AppData\\Roaming\\npm',
250 verbose link bins   true ]
251 verbose linkMans reinstall@1.1.0
252 verbose rebuildBundles reinstall@1.1.0
253 verbose rebuildBundles [ 'cross-spawn' ]
254 info install reinstall@1.1.0
255 info postinstall reinstall@1.1.0
256 verbose unlock done using C:\Users\Sub.Session\AppData\Roaming\npm-cache\_locks\reinstall-8b20043282e60298.lock for C:\Users\Sub.Session\AppData\Roaming\npm\node_modules\reinstall
257 verbose validateInstall loading C:\Users\Sub.Session\AppData\Roaming\npm\package.json for validation
258 verbose stack Error: read ECONNRESET
258 verbose stack     at exports._errnoException (util.js:746:11)
258 verbose stack     at TCP.onread (net.js:559:26)
259 verbose cwd C:\wamp64\www\elycee
260 error Windows_NT 6.1.7601
261 error argv "C:\\Program Files\\nodejs\\node.exe" "C:\\Program Files\\nodejs\\node_modules\\npm\\bin\\npm-cli.js" "install" "reinstall" "-g"
262 error node v0.12.3
263 error npm  v2.9.1
264 error code ECONNRESET
265 error errno ECONNRESET
266 error syscall read
267 error network read ECONNRESET
267 error network This is most likely not a problem with npm itself
267 error network and is related to network connectivity.
267 error network In most cases you are behind a proxy or have bad network settings.
267 error network
267 error network If you are behind a proxy, please make sure that the
267 error network 'proxy' config is set properly.  See: 'npm help config'
268 verbose exit [ 1, true ]
